<!DOCTYPE html PUBLIC "-//W3C//DTD XHTML 1.1//EN" "http://www.w3.org/TR/xhtml11/DTD/xhtml11.dtd">
<html xmlns="http://www.w3.org/1999/xhtml">
<head>
<meta http-equiv="content-type" content="text/html; charset=UTF-8"/>
<title>TestNG Report</title>
<style type="text/css">table {margin-bottom:10px;border-collapse:collapse;empty-cells:show}th,td {border:1px solid #009;padding:.25em .5em}th {vertical-align:bottom}td {vertical-align:top}table a {font-weight:bold}.stripe td {background-color: #E6EBF9}.num {text-align:right}.passedodd td {background-color: #3F3}.passedeven td {background-color: #0A0}.skippedodd td {background-color: #DDD}.skippedeven td {background-color: #CCC}.failedodd td,.attn {background-color: #F33}.failedeven td,.stripe .attn {background-color: #D00}.stacktrace {white-space:pre;font-family:monospace}.totop {font-size:85%;text-align:center;border-bottom:2px solid #000}.invisible {display:none}</style>
</head>
<body>
<table>
<tr><th>Test</th><th># Passed</th><th># Skipped</th><th># Failed</th><th>Time (ms)</th><th>Included Groups</th><th>Excluded Groups</th></tr>
<tr><th colspan="7">Regression_Suite</th></tr>
<tr><td><a href="#t0">Customer_Management</a></td><td class="num">3</td><td class="num">0</td><td class="num attn">1</td><td class="num">335,849</td><td></td><td></td></tr>
<tr class="stripe"><td><a href="#t1">Product_Management</a></td><td class="num">0</td><td class="num">0</td><td class="num attn">1</td><td class="num">276,147</td><td></td><td></td></tr>
<tr><td><a href="#t2">Wishlist</a></td><td class="num">1</td><td class="num">0</td><td class="num attn">1</td><td class="num">50,697</td><td></td><td></td></tr>
<tr class="stripe"><td><a href="#t3">Search</a></td><td class="num">1</td><td class="num">0</td><td class="num">0</td><td class="num">20,282</td><td></td><td></td></tr>
<tr><td><a href="#t4">End_To_End_Flow</a></td><td class="num">1</td><td class="num">0</td><td class="num">0</td><td class="num">96,012</td><td></td><td></td></tr>
<tr><th>Total</th><th class="num">6</th><th class="num">0</th><th class="num attn">3</th><th class="num">778,987</th><th colspan="2"></th></tr>
</table>
<table id='summary'><thead><tr><th>Class</th><th>Method</th><th>Start</th><th>Time (ms)</th></tr></thead><tbody><tr><th colspan="4">Regression_Suite</th></tr></tbody><tbody id="t0"><tr><th colspan="4">Customer_Management &#8212; failed (configuration methods)</th></tr><tr class="failedeven"><td rowspan="1">com.dreamorbit.faviana_b2cuk.customermanagement.TC04_VerifyRetailerLogin</td><td><a href="#m0">afterMethod</a></td><td rowspan="1">1540799130155</td><td rowspan="1">1</td></tr><tr><th colspan="4">Customer_Management &#8212; failed</th></tr><tr class="failedeven"><td rowspan="1">com.dreamorbit.faviana_b2cuk.customermanagement.TC04_VerifyRetailerLogin</td><td><a href="#m1">verifyRetailerLogin</a></td><td rowspan="1">1540798915638</td><td rowspan="1">204733</td></tr><tr><th colspan="4">Customer_Management &#8212; passed</th></tr><tr class="passedeven"><td rowspan="1">com.dreamorbit.faviana_b2cuk.customermanagement.TC01_VerifyNewCustomerRegistration</td><td><a href="#m2">verifyNewCustomerRegistration</a></td><td rowspan="1">1540798837289</td><td rowspan="1">12262</td></tr><tr class="passedodd"><td rowspan="1">com.dreamorbit.faviana_b2cuk.customermanagement.TC02_VerifyConnectUsingSocialMedia</td><td><a href="#m3">verifyConnectUsingSocialMedia</a></td><td rowspan="1">1540798865097</td><td rowspan="1">5590</td></tr><tr class="passedeven"><td rowspan="1">com.dreamorbit.faviana_b2cuk.customermanagement.TC03_VerifyExistingUserLogin</td><td><a href="#m4">verifyExistingUserLogin</a></td><td rowspan="1">1540798887418</td><td rowspan="1">9116</td></tr></tbody>
<tbody id="t1"><tr><th colspan="4">Product_Management &#8212; failed (configuration methods)</th></tr><tr class="failedeven"><td rowspan="1">com.dreamorbit.faviana_b2cuk.productmanagement.TC00_VerifyLinksInLandingPage</td><td><a href="#m5">afterMethod</a></td><td rowspan="1">1540799406340</td><td rowspan="1">1</td></tr><tr><th colspan="4">Product_Management &#8212; failed</th></tr><tr class="failedeven"><td rowspan="1">com.dreamorbit.faviana_b2cuk.productmanagement.TC00_VerifyLinksInLandingPage</td><td><a href="#m6">verifyBrokenLinks</a></td><td rowspan="1">1540799306296</td><td rowspan="1">99439</td></tr></tbody>
<tbody id="t2"><tr><th colspan="4">Wishlist &#8212; failed</th></tr><tr class="failedeven"><td rowspan="1">com.dreamorbit.faviana_b2cuk.search.TC02_VerifyUnsuccessfulSearch</td><td><a href="#m7">verifyUnsuccessfulSearch</a></td><td rowspan="1">1540799439464</td><td rowspan="1">16151</td></tr><tr><th colspan="4">Wishlist &#8212; passed</th></tr><tr class="passedeven"><td rowspan="1">com.dreamorbit.faviana_b2cuk.search.TC01_VerifySuccessfulSearch</td><td><a href="#m8">verifySuccessfulSearch</a></td><td rowspan="1">1540799419654</td><td rowspan="1">5187</td></tr></tbody>
<tbody id="t3"><tr><th colspan="4">Search &#8212; passed</th></tr><tr class="passedeven"><td rowspan="1">com.dreamorbit.faviana_b2cuk.wishlist.TC01_VerifyWishlistForGuest</td><td><a href="#m9">verifyWishlistForGuest</a></td><td rowspan="1">1540799471825</td><td rowspan="1">4609</td></tr></tbody>
<tbody id="t4"><tr><th colspan="4">End_To_End_Flow &#8212; passed</th></tr><tr class="passedeven"><td rowspan="1">com.dreamorbit.faviana_b2cuk.endtoendflow.TC01_VerifySuccessfulOrderForGuest</td><td><a href="#m10">verifySuccessfulOrderForGuest</a></td><td rowspan="1">1540799492978</td><td rowspan="1">79461</td></tr></tbody>
</table>
<h2>Customer_Management</h2><h3 id="m0">com.dreamorbit.faviana_b2cuk.customermanagement.TC04_VerifyRetailerLogin#afterMethod</h3><table class="result"><tr class="param"><th>Parameter #1</th></tr><tr class="param stripe"><td>[TestResult name=verifyRetailerLogin status=FAILURE method=TC04_VerifyRetailerLogin.verifyRetailerLogin()[pri:0, instance:com.dreamorbit.faviana_b2cuk.customermanagement.TC04_VerifyRetailerLogin@79be0360] output={null}]</td></tr><tr><th>Exception</th></tr><tr><td><div class="stacktrace">org.openqa.selenium.NoSuchSessionException: Session ID is null. Using WebDriver after calling quit()?
Build info: version: &apos;3.14.0&apos;, revision: &apos;aacccce0&apos;, time: &apos;2018-08-02T20:19:58.91Z&apos;
System info: host: &apos;DOSYSNET042&apos;, ip: &apos;172.30.246.151&apos;, os.name: &apos;Windows 8.1&apos;, os.arch: &apos;amd64&apos;, os.version: &apos;6.3&apos;, java.version: &apos;1.8.0_144&apos;
Driver info: driver.version: RemoteWebDriver
	at org.openqa.selenium.remote.HttpCommandExecutor.execute(HttpCommandExecutor.java:125)
	at org.openqa.selenium.remote.service.DriverCommandExecutor.execute(DriverCommandExecutor.java:83)
	at org.openqa.selenium.remote.RemoteWebDriver.execute(RemoteWebDriver.java:548)
	at org.openqa.selenium.remote.RemoteWebDriver.execute(RemoteWebDriver.java:605)
	at org.openqa.selenium.remote.RemoteWebDriver.getScreenshotAs(RemoteWebDriver.java:294)
	at com.dreamorbit.faviana_b2cuk.testbase.TestBase.getScreenShot(TestBase.java:119)
	at com.dreamorbit.faviana_b2cuk.testbase.TestBase.getresult(TestBase.java:141)
	at com.dreamorbit.faviana_b2cuk.testbase.TestBase.afterMethod(TestBase.java:154)
	at java.util.concurrent.ThreadPoolExecutor.runWorker(ThreadPoolExecutor.java:1149)
	at java.util.concurrent.ThreadPoolExecutor$Worker.run(ThreadPoolExecutor.java:624)
	at java.lang.Thread.run(Thread.java:748)
... Removed 21 stack frames</div></td></tr></table><p class="totop"><a href="#summary">back to summary</a></p>
<h3 id="m1">com.dreamorbit.faviana_b2cuk.customermanagement.TC04_VerifyRetailerLogin#verifyRetailerLogin</h3><table class="result"><tr><th>Exception</th></tr><tr><td><div class="stacktrace">org.openqa.selenium.NoSuchWindowException: no such window: target window already closed
from unknown error: web view not found
  (Session info: chrome=70.0.3538.77)
  (Driver info: chromedriver=2.42.591088 (7b2b2dca23cca0862f674758c9a3933e685c27d5),platform=Windows NT 6.3.9600 x86_64) (WARNING: The server did not provide any stacktrace information)
Command duration or timeout: 0 milliseconds
Build info: version: &apos;3.14.0&apos;, revision: &apos;aacccce0&apos;, time: &apos;2018-08-02T20:19:58.91Z&apos;
System info: host: &apos;DOSYSNET042&apos;, ip: &apos;172.30.246.151&apos;, os.name: &apos;Windows 8.1&apos;, os.arch: &apos;amd64&apos;, os.version: &apos;6.3&apos;, java.version: &apos;1.8.0_144&apos;
Driver info: org.openqa.selenium.chrome.ChromeDriver
Capabilities {acceptInsecureCerts: false, acceptSslCerts: false, applicationCacheEnabled: false, browserConnectionEnabled: false, browserName: chrome, chrome: {chromedriverVersion: 2.42.591088 (7b2b2dca23cca0..., userDataDir: C:\Users\bharath.k\AppData\...}, cssSelectorsEnabled: true, databaseEnabled: false, goog:chromeOptions: {debuggerAddress: localhost:57233}, handlesAlerts: true, hasTouchScreen: false, javascriptEnabled: true, locationContextEnabled: true, mobileEmulationEnabled: false, nativeEvents: true, networkConnectionEnabled: false, pageLoadStrategy: normal, platform: XP, platformName: XP, rotatable: false, setWindowRect: true, takesHeapSnapshot: true, takesScreenshot: true, unexpectedAlertBehaviour: , unhandledPromptBehavior: , version: 70.0.3538.77, webStorageEnabled: true}
Session ID: 323fcbdfcabe8a0123975b188215f6c7
	at org.openqa.selenium.remote.ErrorHandler.createThrowable(ErrorHandler.java:214)
	at org.openqa.selenium.remote.ErrorHandler.throwIfResponseFailed(ErrorHandler.java:166)
	at org.openqa.selenium.remote.http.JsonHttpResponseCodec.reconstructValue(JsonHttpResponseCodec.java:40)
	at org.openqa.selenium.remote.http.AbstractHttpResponseCodec.decode(AbstractHttpResponseCodec.java:80)
	at org.openqa.selenium.remote.http.AbstractHttpResponseCodec.decode(AbstractHttpResponseCodec.java:44)
	at org.openqa.selenium.remote.HttpCommandExecutor.execute(HttpCommandExecutor.java:158)
	at org.openqa.selenium.remote.service.DriverCommandExecutor.execute(DriverCommandExecutor.java:83)
	at org.openqa.selenium.remote.RemoteWebDriver.execute(RemoteWebDriver.java:548)
	at org.openqa.selenium.remote.RemoteWebDriver.execute(RemoteWebDriver.java:605)
	at org.openqa.selenium.remote.RemoteWebDriver.getWindowHandle(RemoteWebDriver.java:468)
	at org.openqa.selenium.remote.RemoteWebDriver$RemoteTargetLocator.window(RemoteWebDriver.java:903)
	at com.dreamorbit.faviana_b2cuk.pages.LoginPage.clickingOnClickHereToSignInToOurNewRetailerWebsite(LoginPage.java:85)
	at com.dreamorbit.faviana_b2cuk.customermanagement.TC04_VerifyRetailerLogin.verifyRetailerLogin(TC04_VerifyRetailerLogin.java:41)
	at java.util.concurrent.ThreadPoolExecutor.runWorker(ThreadPoolExecutor.java:1149)
	at java.util.concurrent.ThreadPoolExecutor$Worker.run(ThreadPoolExecutor.java:624)
	at java.lang.Thread.run(Thread.java:748)
... Removed 22 stack frames</div></td></tr></table><p class="totop"><a href="#summary">back to summary</a></p>
<h3 id="m2">com.dreamorbit.faviana_b2cuk.customermanagement.TC01_VerifyNewCustomerRegistration#verifyNewCustomerRegistration</h3><table class="result"><tr class="param"><th>Parameter #1</th><th>Parameter #2</th><th>Parameter #3</th><th>Parameter #4</th><th>Parameter #5</th></tr><tr class="param stripe"><td>FNTEST</td><td>LNTEST</td><td>FNLN.</td><td>Test@12345</td><td>Test@12345</td></tr></table><p class="totop"><a href="#summary">back to summary</a></p>
<h3 id="m3">com.dreamorbit.faviana_b2cuk.customermanagement.TC02_VerifyConnectUsingSocialMedia#verifyConnectUsingSocialMedia</h3><table class="result"><tr><th class="invisible"/></tr></table><p class="totop"><a href="#summary">back to summary</a></p>
<h3 id="m4">com.dreamorbit.faviana_b2cuk.customermanagement.TC03_VerifyExistingUserLogin#verifyExistingUserLogin</h3><table class="result"><tr><th class="invisible"/></tr></table><p class="totop"><a href="#summary">back to summary</a></p>
<h2>Product_Management</h2><h3 id="m5">com.dreamorbit.faviana_b2cuk.productmanagement.TC00_VerifyLinksInLandingPage#afterMethod</h3><table class="result"><tr class="param"><th>Parameter #1</th></tr><tr class="param stripe"><td>[TestResult name=verifyBrokenLinks status=FAILURE method=TC00_VerifyLinksInLandingPage.verifyBrokenLinks()[pri:0, instance:com.dreamorbit.faviana_b2cuk.productmanagement.TC00_VerifyLinksInLandingPage@2d6eabae] output={null}]</td></tr><tr><th>Exception</th></tr><tr><td><div class="stacktrace">org.openqa.selenium.NoSuchSessionException: Session ID is null. Using WebDriver after calling quit()?
Build info: version: &apos;3.14.0&apos;, revision: &apos;aacccce0&apos;, time: &apos;2018-08-02T20:19:58.91Z&apos;
System info: host: &apos;DOSYSNET042&apos;, ip: &apos;172.30.246.151&apos;, os.name: &apos;Windows 8.1&apos;, os.arch: &apos;amd64&apos;, os.version: &apos;6.3&apos;, java.version: &apos;1.8.0_144&apos;
Driver info: driver.version: RemoteWebDriver
	at org.openqa.selenium.remote.HttpCommandExecutor.execute(HttpCommandExecutor.java:125)
	at org.openqa.selenium.remote.service.DriverCommandExecutor.execute(DriverCommandExecutor.java:83)
	at org.openqa.selenium.remote.RemoteWebDriver.execute(RemoteWebDriver.java:548)
	at org.openqa.selenium.remote.RemoteWebDriver.execute(RemoteWebDriver.java:605)
	at org.openqa.selenium.remote.RemoteWebDriver.getScreenshotAs(RemoteWebDriver.java:294)
	at com.dreamorbit.faviana_b2cuk.testbase.TestBase.getScreenShot(TestBase.java:119)
	at com.dreamorbit.faviana_b2cuk.testbase.TestBase.getresult(TestBase.java:141)
	at com.dreamorbit.faviana_b2cuk.testbase.TestBase.afterMethod(TestBase.java:154)
	at java.util.concurrent.ThreadPoolExecutor.runWorker(ThreadPoolExecutor.java:1149)
	at java.util.concurrent.ThreadPoolExecutor$Worker.run(ThreadPoolExecutor.java:624)
	at java.lang.Thread.run(Thread.java:748)
... Removed 21 stack frames</div></td></tr></table><p class="totop"><a href="#summary">back to summary</a></p>
<h3 id="m6">com.dreamorbit.faviana_b2cuk.productmanagement.TC00_VerifyLinksInLandingPage#verifyBrokenLinks</h3><table class="result"><tr><th>Exception</th></tr><tr><td><div class="stacktrace">org.openqa.selenium.WebDriverException: chrome not reachable
  (Session info: chrome=70.0.3538.77)
  (Driver info: chromedriver=2.42.591088 (7b2b2dca23cca0862f674758c9a3933e685c27d5),platform=Windows NT 6.3.9600 x86_64) (WARNING: The server did not provide any stacktrace information)
Command duration or timeout: 0 milliseconds
Build info: version: &apos;3.14.0&apos;, revision: &apos;aacccce0&apos;, time: &apos;2018-08-02T20:19:58.91Z&apos;
System info: host: &apos;DOSYSNET042&apos;, ip: &apos;172.30.246.151&apos;, os.name: &apos;Windows 8.1&apos;, os.arch: &apos;amd64&apos;, os.version: &apos;6.3&apos;, java.version: &apos;1.8.0_144&apos;
Driver info: org.openqa.selenium.chrome.ChromeDriver
Capabilities {acceptInsecureCerts: false, acceptSslCerts: false, applicationCacheEnabled: false, browserConnectionEnabled: false, browserName: chrome, chrome: {chromedriverVersion: 2.42.591088 (7b2b2dca23cca0..., userDataDir: C:\Users\bharath.k\AppData\...}, cssSelectorsEnabled: true, databaseEnabled: false, goog:chromeOptions: {debuggerAddress: localhost:57603}, handlesAlerts: true, hasTouchScreen: false, javascriptEnabled: true, locationContextEnabled: true, mobileEmulationEnabled: false, nativeEvents: true, networkConnectionEnabled: false, pageLoadStrategy: normal, platform: XP, platformName: XP, rotatable: false, setWindowRect: true, takesHeapSnapshot: true, takesScreenshot: true, unexpectedAlertBehaviour: , unhandledPromptBehavior: , version: 70.0.3538.77, webStorageEnabled: true}
Session ID: 2288ed640cd67c73ad54dec10244d1b8
*** Element info: {Using=tag name, value=a}
	at org.openqa.selenium.remote.ErrorHandler.createThrowable(ErrorHandler.java:214)
	at org.openqa.selenium.remote.ErrorHandler.throwIfResponseFailed(ErrorHandler.java:166)
	at org.openqa.selenium.remote.http.JsonHttpResponseCodec.reconstructValue(JsonHttpResponseCodec.java:40)
	at org.openqa.selenium.remote.http.AbstractHttpResponseCodec.decode(AbstractHttpResponseCodec.java:80)
	at org.openqa.selenium.remote.http.AbstractHttpResponseCodec.decode(AbstractHttpResponseCodec.java:44)
	at org.openqa.selenium.remote.HttpCommandExecutor.execute(HttpCommandExecutor.java:158)
	at org.openqa.selenium.remote.service.DriverCommandExecutor.execute(DriverCommandExecutor.java:83)
	at org.openqa.selenium.remote.RemoteWebDriver.execute(RemoteWebDriver.java:548)
	at org.openqa.selenium.remote.RemoteWebDriver.findElements(RemoteWebDriver.java:349)
	at org.openqa.selenium.remote.RemoteWebDriver.findElementsByTagName(RemoteWebDriver.java:396)
	at org.openqa.selenium.By$ByTagName.findElements(By.java:312)
	at org.openqa.selenium.remote.RemoteWebDriver.findElements(RemoteWebDriver.java:310)
	at org.openqa.selenium.support.pagefactory.DefaultElementLocator.findElements(DefaultElementLocator.java:85)
	at org.openqa.selenium.support.pagefactory.internal.LocatingElementListHandler.invoke(LocatingElementListHandler.java:36)
	at com.sun.proxy.$Proxy11.get(Unknown Source)
	at com.dreamorbit.faviana_b2cuk.pages.LandingPage.linksInThePage(LandingPage.java:77)
	at com.dreamorbit.faviana_b2cuk.productmanagement.TC00_VerifyLinksInLandingPage.verifyBrokenLinks(TC00_VerifyLinksInLandingPage.java:36)
	at java.util.concurrent.ThreadPoolExecutor.runWorker(ThreadPoolExecutor.java:1149)
	at java.util.concurrent.ThreadPoolExecutor$Worker.run(ThreadPoolExecutor.java:624)
	at java.lang.Thread.run(Thread.java:748)
... Removed 22 stack frames</div></td></tr></table><p class="totop"><a href="#summary">back to summary</a></p>
<h2>Wishlist</h2><h3 id="m7">com.dreamorbit.faviana_b2cuk.search.TC02_VerifyUnsuccessfulSearch#verifyUnsuccessfulSearch</h3><table class="result"><tr><th>Exception</th></tr><tr><td><div class="stacktrace">org.openqa.selenium.NoSuchElementException: no such element: Unable to locate element: {&quot;method&quot;:&quot;xpath&quot;,&quot;selector&quot;:&quot;//p[contains(text(),&apos;Sorry we could not find the dress you were looking1&apos;)]&quot;}
  (Session info: chrome=70.0.3538.77)
  (Driver info: chromedriver=2.42.591088 (7b2b2dca23cca0862f674758c9a3933e685c27d5),platform=Windows NT 6.3.9600 x86_64) (WARNING: The server did not provide any stacktrace information)
Command duration or timeout: 0 milliseconds
For documentation on this error, please visit: http://seleniumhq.org/exceptions/no_such_element.html
Build info: version: &apos;3.14.0&apos;, revision: &apos;aacccce0&apos;, time: &apos;2018-08-02T20:19:58.91Z&apos;
System info: host: &apos;DOSYSNET042&apos;, ip: &apos;172.30.246.151&apos;, os.name: &apos;Windows 8.1&apos;, os.arch: &apos;amd64&apos;, os.version: &apos;6.3&apos;, java.version: &apos;1.8.0_144&apos;
Driver info: org.openqa.selenium.chrome.ChromeDriver
Capabilities {acceptInsecureCerts: false, acceptSslCerts: false, applicationCacheEnabled: false, browserConnectionEnabled: false, browserName: chrome, chrome: {chromedriverVersion: 2.42.591088 (7b2b2dca23cca0..., userDataDir: C:\Users\bharath.k\AppData\...}, cssSelectorsEnabled: true, databaseEnabled: false, goog:chromeOptions: {debuggerAddress: localhost:51939}, handlesAlerts: true, hasTouchScreen: false, javascriptEnabled: true, locationContextEnabled: true, mobileEmulationEnabled: false, nativeEvents: true, networkConnectionEnabled: false, pageLoadStrategy: normal, platform: XP, platformName: XP, rotatable: false, setWindowRect: true, takesHeapSnapshot: true, takesScreenshot: true, unexpectedAlertBehaviour: , unhandledPromptBehavior: , version: 70.0.3538.77, webStorageEnabled: true}
Session ID: 27de1e41c5d6e5ec388bc70b8e7019a5
*** Element info: {Using=xpath, value=//p[contains(text(),&apos;Sorry we could not find the dress you were looking1&apos;)]}
	at org.openqa.selenium.remote.ErrorHandler.createThrowable(ErrorHandler.java:214)
	at org.openqa.selenium.remote.ErrorHandler.throwIfResponseFailed(ErrorHandler.java:166)
	at org.openqa.selenium.remote.http.JsonHttpResponseCodec.reconstructValue(JsonHttpResponseCodec.java:40)
	at org.openqa.selenium.remote.http.AbstractHttpResponseCodec.decode(AbstractHttpResponseCodec.java:80)
	at org.openqa.selenium.remote.http.AbstractHttpResponseCodec.decode(AbstractHttpResponseCodec.java:44)
	at org.openqa.selenium.remote.HttpCommandExecutor.execute(HttpCommandExecutor.java:158)
	at org.openqa.selenium.remote.service.DriverCommandExecutor.execute(DriverCommandExecutor.java:83)
	at org.openqa.selenium.remote.RemoteWebDriver.execute(RemoteWebDriver.java:548)
	at org.openqa.selenium.remote.RemoteWebDriver.findElement(RemoteWebDriver.java:322)
	at org.openqa.selenium.remote.RemoteWebDriver.findElementByXPath(RemoteWebDriver.java:424)
	at org.openqa.selenium.By$ByXPath.findElement(By.java:353)
	at org.openqa.selenium.remote.RemoteWebDriver.findElement(RemoteWebDriver.java:314)
	at org.openqa.selenium.support.pagefactory.DefaultElementLocator.findElement(DefaultElementLocator.java:69)
	at org.openqa.selenium.support.pagefactory.internal.LocatingElementHandler.invoke(LocatingElementHandler.java:38)
	at com.sun.proxy.$Proxy10.isDisplayed(Unknown Source)
	at com.dreamorbit.faviana_b2cuk.pages.ProductPage.searchResultNotAvailable(ProductPage.java:44)
	at com.dreamorbit.faviana_b2cuk.search.TC02_VerifyUnsuccessfulSearch.verifyUnsuccessfulSearch(TC02_VerifyUnsuccessfulSearch.java:34)
	at java.util.concurrent.ThreadPoolExecutor.runWorker(ThreadPoolExecutor.java:1149)
	at java.util.concurrent.ThreadPoolExecutor$Worker.run(ThreadPoolExecutor.java:624)
	at java.lang.Thread.run(Thread.java:748)
... Removed 22 stack frames</div></td></tr></table><p class="totop"><a href="#summary">back to summary</a></p>
<h3 id="m8">com.dreamorbit.faviana_b2cuk.search.TC01_VerifySuccessfulSearch#verifySuccessfulSearch</h3><table class="result"><tr><th class="invisible"/></tr></table><p class="totop"><a href="#summary">back to summary</a></p>
<h2>Search</h2><h3 id="m9">com.dreamorbit.faviana_b2cuk.wishlist.TC01_VerifyWishlistForGuest#verifyWishlistForGuest</h3><table class="result"><tr><th class="invisible"/></tr></table><p class="totop"><a href="#summary">back to summary</a></p>
<h2>End_To_End_Flow</h2><h3 id="m10">com.dreamorbit.faviana_b2cuk.endtoendflow.TC01_VerifySuccessfulOrderForGuest#verifySuccessfulOrderForGuest</h3><table class="result"><tr class="param"><th>Parameter #1</th><th>Parameter #2</th><th>Parameter #3</th><th>Parameter #4</th><th>Parameter #5</th><th>Parameter #6</th><th>Parameter #7</th><th>Parameter #8</th><th>Parameter #9</th><th>Parameter #10</th><th>Parameter #11</th><th>Parameter #12</th><th>Parameter #13</th><th>Parameter #14</th><th>Parameter #15</th></tr><tr class="param stripe"><td>TEST1001@TEST.COM</td><td>US</td><td>FnameTest</td><td>LnameTest</td><td>TestCompany</td><td>TestCity</td><td>TestAddress1</td><td>TestAddress2</td><td>NEW YORK</td><td>10001.0</td><td>78678678</td><td>4111111111111111</td><td>6</td><td>2020</td><td>123</td></tr></table><p class="totop"><a href="#summary">back to summary</a></p>
</body>
</html>
